<?xml version="1.0" encoding="UTF-8"?>
<!-- Generated by org.testng.reporters.JUnitXMLReporter -->
<testsuite hostname="ADMINRG-64KCMGT" ignored="0" name="Default test" tests="3" failures="0" timestamp="18 Jul 2021 14:50:47 GMT" time="36.137" errors="0">
  <testcase name="userCanRegisterSuccssfully" time="4.856" classname="tests.UserRegistrationTestUsingDDTwithExcel"/>
  <testcase name="userCanRegisterSuccssfully" time="4.019" classname="tests.UserRegistrationTestUsingDDTwithExcel"/>
  <testcase name="userCanRegisterSuccssfully" time="4.005" classname="tests.UserRegistrationTestUsingDDTwithExcel"/>
</testsuite> <!-- Default test -->
